<?xml version="1.0" encoding="UTF-8"?>
<!-- Generated by org.testng.reporters.JUnitXMLReporter -->
<testsuite hostname="Angler94" ignored="0" name="Test1" tests="3" failures="1" timestamp="21 Oct 2017 12:28:59 GMT" time="78.528" errors="0">
  <testcase name="mobileApp_BlankPassword" time="17.175" classname="executionEngine.LoginTest"/>
  <testcase name="mobileApp_BlankUserName" time="13.365" classname="executionEngine.LoginTest"/>
  <testcase name="mobileApp_Login" time="37.589" classname="executionEngine.LoginTest">
    <failure type="org.openqa.selenium.NoSuchElementException" message="An element could not be located on the page using the given search parameters. (WARNING: The server did not provide any stacktrace information)
Command duration or timeout: 15.21 seconds
For documentation on this error, please visit: http://seleniumhq.org/exceptions/no_such_element.html
Build info: version: &amp;apos;3.3.1&amp;apos;, revision: &amp;apos;5234b32&amp;apos;, time: &amp;apos;2017-03-10 09:04:52 -0800&amp;apos;
System info: host: &amp;apos;ANGLER94&amp;apos;, ip: &amp;apos;192.168.10.2&amp;apos;, os.name: &amp;apos;Windows 10&amp;apos;, os.arch: &amp;apos;amd64&amp;apos;, os.version: &amp;apos;10.0&amp;apos;, java.version: &amp;apos;1.8.0_111&amp;apos;
Driver info: org.openqa.selenium.remote.RemoteWebDriver
Capabilities [{networkConnectionEnabled=true, warnings={}, databaseEnabled=false, deviceName=192.168.10.101:5555, platform=LINUX, desired={platformVersion=4.4.4, browserName=Android, unicodeKeyboard=true, platformName=Android, deviceName=Custom Phone - 4.4.4 API 19 - 768*1280, resetKeyboard=true}, platformVersion=4.4.4, webStorageEnabled=false, locationContextEnabled=false, browserName=Android, takesScreenshot=true, javascriptEnabled=true, unicodeKeyboard=true, platformName=Android, resetKeyboard=true}]
Session ID: d4c5544b-507b-4d2a-9678-270659b4acec
*** Element info: {Using=xpath, value=//android.widget.ImageButton[0]}">
      <![CDATA[org.openqa.selenium.NoSuchElementException: An element could not be located on the page using the given search parameters. (WARNING: The server did not provide any stacktrace information)
Command duration or timeout: 15.21 seconds
For documentation on this error, please visit: http://seleniumhq.org/exceptions/no_such_element.html
Build info: version: '3.3.1', revision: '5234b32', time: '2017-03-10 09:04:52 -0800'
System info: host: 'ANGLER94', ip: '192.168.10.2', os.name: 'Windows 10', os.arch: 'amd64', os.version: '10.0', java.version: '1.8.0_111'
Driver info: org.openqa.selenium.remote.RemoteWebDriver
Capabilities [{networkConnectionEnabled=true, warnings={}, databaseEnabled=false, deviceName=192.168.10.101:5555, platform=LINUX, desired={platformVersion=4.4.4, browserName=Android, unicodeKeyboard=true, platformName=Android, deviceName=Custom Phone - 4.4.4 API 19 - 768*1280, resetKeyboard=true}, platformVersion=4.4.4, webStorageEnabled=false, locationContextEnabled=false, browserName=Android, takesScreenshot=true, javascriptEnabled=true, unicodeKeyboard=true, platformName=Android, resetKeyboard=true}]
Session ID: d4c5544b-507b-4d2a-9678-270659b4acec
*** Element info: {Using=xpath, value=//android.widget.ImageButton[0]}
	at org.openqa.selenium.remote.ErrorHandler.createThrowable(ErrorHandler.java:216)
	at org.openqa.selenium.remote.ErrorHandler.throwIfResponseFailed(ErrorHandler.java:168)
	at org.openqa.selenium.remote.RemoteWebDriver.execute(RemoteWebDriver.java:638)
	at org.openqa.selenium.remote.RemoteWebDriver.findElement(RemoteWebDriver.java:371)
	at org.openqa.selenium.remote.RemoteWebDriver.findElementByXPath(RemoteWebDriver.java:476)
	at org.openqa.selenium.By$ByXPath.findElement(By.java:361)
	at org.openqa.selenium.remote.RemoteWebDriver.findElement(RemoteWebDriver.java:363)
	at pageObjects.homePage.HandBurgerMenu(homePage.java:17)
	at appModules.LoginAction.ValidLogin(LoginAction.java:52)
	at executionEngine.LoginTest.mobileApp_Login(LoginTest.java:22)
... Removed 29 stack frames]]>
    </failure>
  </testcase> <!-- mobileApp_Login -->
</testsuite> <!-- Test1 -->
