<?xml version="1.0" encoding="UTF-8"?>
<!-- Generated by org.testng.reporters.JUnitXMLReporter -->
<testsuite hostname="Angler94" ignored="1" name="Test1" tests="1" failures="0" timestamp="14 Oct 2017 12:05:47 GMT" time="27.014" errors="0">
  <testcase name="mobileApp_BlankPassword" time="17.625" classname="executionEngine.LoginTest"/>
  <testcase name="mobileApp_Login" time="0.0" classname="executionEngine.LoginTest">
    <ignored/>
  </testcase> <!-- mobileApp_Login -->
</testsuite> <!-- Test1 -->
