<?xml version="1.0" encoding="UTF-8"?>
<testng-results skipped="0" failed="1" ignored="0" total="3" passed="2">
  <reporter-output>
  </reporter-output>
  <suite name="Suite" duration-ms="78528" started-at="2017-10-21T12:27:40Z" finished-at="2017-10-21T12:28:59Z">
    <groups>
    </groups>
    <test name="Test1" duration-ms="78528" started-at="2017-10-21T12:27:40Z" finished-at="2017-10-21T12:28:59Z">
      <class name="executionEngine.LoginTest">
        <test-method status="PASS" signature="beforeMethod()[pri:0, instance:executionEngine.LoginTest@3c0ecd4b]" name="beforeMethod" is-config="true" duration-ms="10357" started-at="2017-10-21T17:57:40Z" finished-at="2017-10-21T17:57:51Z">
          <reporter-output>
          </reporter-output>
        </test-method> <!-- beforeMethod -->
        <test-method status="PASS" signature="mobileApp_BlankPassword()[pri:0, instance:executionEngine.LoginTest@3c0ecd4b]" name="mobileApp_BlankPassword" duration-ms="17175" started-at="2017-10-21T17:57:51Z" finished-at="2017-10-21T17:58:08Z">
          <reporter-output>
          </reporter-output>
        </test-method> <!-- mobileApp_BlankPassword -->
        <test-method status="PASS" signature="mobileApp_BlankUserName()[pri:1, instance:executionEngine.LoginTest@3c0ecd4b]" name="mobileApp_BlankUserName" duration-ms="13365" started-at="2017-10-21T17:58:08Z" finished-at="2017-10-21T17:58:21Z">
          <reporter-output>
          </reporter-output>
        </test-method> <!-- mobileApp_BlankUserName -->
        <test-method status="FAIL" signature="mobileApp_Login(java.lang.String, java.lang.String)[pri:2, instance:executionEngine.LoginTest@3c0ecd4b]" name="mobileApp_Login" duration-ms="37589" started-at="2017-10-21T17:58:21Z" finished-at="2017-10-21T17:58:59Z">
          <params>
            <param index="0">
              <value>
                <![CDATA[jayanthra@gmail.com]]>
              </value>
            </param>
            <param index="1">
              <value>
                <![CDATA[Eosouthasia@17]]>
              </value>
            </param>
          </params>
          <exception class="org.openqa.selenium.NoSuchElementException">
            <message>
              <![CDATA[An element could not be located on the page using the given search parameters. (WARNING: The server did not provide any stacktrace information)
Command duration or timeout: 15.21 seconds
For documentation on this error, please visit: http://seleniumhq.org/exceptions/no_such_element.html
Build info: version: '3.3.1', revision: '5234b32', time: '2017-03-10 09:04:52 -0800'
System info: host: 'ANGLER94', ip: '192.168.10.2', os.name: 'Windows 10', os.arch: 'amd64', os.version: '10.0', java.version: '1.8.0_111'
Driver info: org.openqa.selenium.remote.RemoteWebDriver
Capabilities [{networkConnectionEnabled=true, warnings={}, databaseEnabled=false, deviceName=192.168.10.101:5555, platform=LINUX, desired={platformVersion=4.4.4, browserName=Android, unicodeKeyboard=true, platformName=Android, deviceName=Custom Phone - 4.4.4 API 19 - 768*1280, resetKeyboard=true}, platformVersion=4.4.4, webStorageEnabled=false, locationContextEnabled=false, browserName=Android, takesScreenshot=true, javascriptEnabled=true, unicodeKeyboard=true, platformName=Android, resetKeyboard=true}]
Session ID: d4c5544b-507b-4d2a-9678-270659b4acec
*** Element info: {Using=xpath, value=//android.widget.ImageButton[0]}]]>
            </message>
            <full-stacktrace>
              <![CDATA[org.openqa.selenium.NoSuchElementException: An element could not be located on the page using the given search parameters. (WARNING: The server did not provide any stacktrace information)
Command duration or timeout: 15.21 seconds
For documentation on this error, please visit: http://seleniumhq.org/exceptions/no_such_element.html
Build info: version: '3.3.1', revision: '5234b32', time: '2017-03-10 09:04:52 -0800'
System info: host: 'ANGLER94', ip: '192.168.10.2', os.name: 'Windows 10', os.arch: 'amd64', os.version: '10.0', java.version: '1.8.0_111'
Driver info: org.openqa.selenium.remote.RemoteWebDriver
Capabilities [{networkConnectionEnabled=true, warnings={}, databaseEnabled=false, deviceName=192.168.10.101:5555, platform=LINUX, desired={platformVersion=4.4.4, browserName=Android, unicodeKeyboard=true, platformName=Android, deviceName=Custom Phone - 4.4.4 API 19 - 768*1280, resetKeyboard=true}, platformVersion=4.4.4, webStorageEnabled=false, locationContextEnabled=false, browserName=Android, takesScreenshot=true, javascriptEnabled=true, unicodeKeyboard=true, platformName=Android, resetKeyboard=true}]
Session ID: d4c5544b-507b-4d2a-9678-270659b4acec
*** Element info: {Using=xpath, value=//android.widget.ImageButton[0]}
	at sun.reflect.NativeConstructorAccessorImpl.newInstance0(Native Method)
	at sun.reflect.NativeConstructorAccessorImpl.newInstance(Unknown Source)
	at sun.reflect.DelegatingConstructorAccessorImpl.newInstance(Unknown Source)
	at java.lang.reflect.Constructor.newInstance(Unknown Source)
	at org.openqa.selenium.remote.ErrorHandler.createThrowable(ErrorHandler.java:216)
	at org.openqa.selenium.remote.ErrorHandler.throwIfResponseFailed(ErrorHandler.java:168)
	at org.openqa.selenium.remote.RemoteWebDriver.execute(RemoteWebDriver.java:638)
	at org.openqa.selenium.remote.RemoteWebDriver.findElement(RemoteWebDriver.java:371)
	at org.openqa.selenium.remote.RemoteWebDriver.findElementByXPath(RemoteWebDriver.java:476)
	at org.openqa.selenium.By$ByXPath.findElement(By.java:361)
	at org.openqa.selenium.remote.RemoteWebDriver.findElement(RemoteWebDriver.java:363)
	at pageObjects.homePage.HandBurgerMenu(homePage.java:17)
	at appModules.LoginAction.ValidLogin(LoginAction.java:52)
	at executionEngine.LoginTest.mobileApp_Login(LoginTest.java:22)
	at sun.reflect.NativeMethodAccessorImpl.invoke0(Native Method)
	at sun.reflect.NativeMethodAccessorImpl.invoke(Unknown Source)
	at sun.reflect.DelegatingMethodAccessorImpl.invoke(Unknown Source)
	at java.lang.reflect.Method.invoke(Unknown Source)
	at org.testng.internal.MethodInvocationHelper.invokeMethod(MethodInvocationHelper.java:108)
	at org.testng.internal.Invoker.invokeMethod(Invoker.java:661)
	at org.testng.internal.Invoker.invokeTestMethod(Invoker.java:869)
	at org.testng.internal.Invoker.invokeTestMethods(Invoker.java:1193)
	at org.testng.internal.TestMethodWorker.invokeTestMethods(TestMethodWorker.java:126)
	at org.testng.internal.TestMethodWorker.run(TestMethodWorker.java:109)
	at org.testng.TestRunner.privateRun(TestRunner.java:744)
	at org.testng.TestRunner.run(TestRunner.java:602)
	at org.testng.SuiteRunner.runTest(SuiteRunner.java:380)
	at org.testng.SuiteRunner.runSequentially(SuiteRunner.java:375)
	at org.testng.SuiteRunner.privateRun(SuiteRunner.java:340)
	at org.testng.SuiteRunner.run(SuiteRunner.java:289)
	at org.testng.SuiteRunnerWorker.runSuite(SuiteRunnerWorker.java:52)
	at org.testng.SuiteRunnerWorker.run(SuiteRunnerWorker.java:86)
	at org.testng.TestNG.runSuitesSequentially(TestNG.java:1301)
	at org.testng.TestNG.runSuitesLocally(TestNG.java:1226)
	at org.testng.TestNG.runSuites(TestNG.java:1144)
	at org.testng.TestNG.run(TestNG.java:1115)
	at org.testng.remote.AbstractRemoteTestNG.run(AbstractRemoteTestNG.java:132)
	at org.testng.remote.RemoteTestNG.initAndRun(RemoteTestNG.java:230)
	at org.testng.remote.RemoteTestNG.main(RemoteTestNG.java:76)
]]>
            </full-stacktrace>
          </exception> <!-- org.openqa.selenium.NoSuchElementException -->
          <reporter-output>
          </reporter-output>
        </test-method> <!-- mobileApp_Login -->
      </class> <!-- executionEngine.LoginTest -->
    </test> <!-- Test1 -->
  </suite> <!-- Suite -->
</testng-results>
